
  .   ____          _            __ _ _
 /\\ / ___'_ __ _ _(_)_ __  __ _ \ \ \ \
( ( )\___ | '_ | '_| | '_ \/ _` | \ \ \ \
 \\/  ___)| |_)| | | | | || (_| |  ) ) ) )
  '  |____| .__|_| |_|_| |_\__, | / / / /
 =========|_|==============|___/=/_/_/_/
 :: Spring Boot ::        (v2.3.4.RELEASE)

2020-11-09 16:07:06.495  INFO 7037 --- [           main] r.tools.dotvote.DotvoteApplication       : Starting DotvoteApplication v0.0.1-SNAPSHOT on Jacys-MacBook-Pro.local with PID 7037 (/Users/chairforce/workspace/dotvote/target/dotvote-0.0.1-SNAPSHOT.jar started by chairforce in /Users/chairforce/workspace/dotvote)
2020-11-09 16:07:06.498  INFO 7037 --- [           main] r.tools.dotvote.DotvoteApplication       : The following profiles are active: test
2020-11-09 16:07:07.947  INFO 7037 --- [           main] .s.d.r.c.RepositoryConfigurationDelegate : Bootstrapping Spring Data JPA repositories in DEFERRED mode.
2020-11-09 16:07:08.026  INFO 7037 --- [           main] .s.d.r.c.RepositoryConfigurationDelegate : Finished Spring Data repository scanning in 69ms. Found 1 JPA repository interfaces.
2020-11-09 16:07:08.731  INFO 7037 --- [           main] o.s.b.w.embedded.tomcat.TomcatWebServer  : Tomcat initialized with port(s): 9090 (http)
2020-11-09 16:07:08.746  INFO 7037 --- [           main] o.apache.catalina.core.StandardService   : Starting service [Tomcat]
2020-11-09 16:07:08.747  INFO 7037 --- [           main] org.apache.catalina.core.StandardEngine  : Starting Servlet engine: [Apache Tomcat/9.0.38]
2020-11-09 16:07:08.846  INFO 7037 --- [           main] o.a.c.c.C.[Tomcat].[localhost].[/]       : Initializing Spring embedded WebApplicationContext
2020-11-09 16:07:08.846  INFO 7037 --- [           main] w.s.c.ServletWebServerApplicationContext : Root WebApplicationContext: initialization completed in 2287 ms
2020-11-09 16:07:09.932  INFO 7037 --- [           main] g.k.s.w.b.GraphQLWebAutoConfiguration    : Building GraphQLObjectMapper including errorHandler: null
2020-11-09 16:07:10.289  INFO 7037 --- [           main] o.s.s.concurrent.ThreadPoolTaskExecutor  : Initializing ExecutorService 'applicationTaskExecutor'
2020-11-09 16:07:10.304  INFO 7037 --- [           main] com.zaxxer.hikari.HikariDataSource       : HikariPool-1 - Starting...
2020-11-09 16:07:10.556  INFO 7037 --- [           main] com.zaxxer.hikari.HikariDataSource       : HikariPool-1 - Start completed.
2020-11-09 16:07:10.621  INFO 7037 --- [         task-1] o.hibernate.jpa.internal.util.LogHelper  : HHH000204: Processing PersistenceUnitInfo [name: default]
2020-11-09 16:07:10.670  WARN 7037 --- [           main] JpaBaseConfiguration$JpaWebConfiguration : spring.jpa.open-in-view is enabled by default. Therefore, database queries may be performed during view rendering. Explicitly configure spring.jpa.open-in-view to disable this warning
2020-11-09 16:07:10.691  INFO 7037 --- [         task-1] org.hibernate.Version                    : HHH000412: Hibernate ORM core version 5.4.21.Final
2020-11-09 16:07:10.863  INFO 7037 --- [         task-1] o.hibernate.annotations.common.Version   : HCANN000001: Hibernate Commons Annotations {5.1.0.Final}
2020-11-09 16:07:10.879  INFO 7037 --- [           main] o.s.b.a.w.s.WelcomePageHandlerMapping    : Adding welcome page: class path resource [static/index.html]
2020-11-09 16:07:10.993  INFO 7037 --- [         task-1] org.hibernate.dialect.Dialect            : HHH000400: Using dialect: org.hibernate.dialect.H2Dialect
2020-11-09 16:07:11.597 DEBUG 7037 --- [         task-1] org.hibernate.SQL                        : drop table if exists exercise CASCADE 
2020-11-09 16:07:11.603 DEBUG 7037 --- [         task-1] org.hibernate.SQL                        : create table exercise (id bigint generated by default as identity, name varchar(255) not null, primary key (id))
2020-11-09 16:07:11.615  INFO 7037 --- [         task-1] o.h.e.t.j.p.i.JtaPlatformInitiator       : HHH000490: Using JtaPlatform implementation: [org.hibernate.engine.transaction.jta.platform.internal.NoJtaPlatform]
2020-11-09 16:07:11.622  INFO 7037 --- [         task-1] j.LocalContainerEntityManagerFactoryBean : Initialized JPA EntityManagerFactory for persistence unit 'default'
2020-11-09 16:07:11.674  INFO 7037 --- [           main] o.s.b.a.e.web.EndpointLinksResolver      : Exposing 2 endpoint(s) beneath base path '/actuator'
2020-11-09 16:07:11.747  INFO 7037 --- [           main] o.s.b.w.embedded.tomcat.TomcatWebServer  : Tomcat started on port(s): 9090 (http) with context path ''
2020-11-09 16:07:11.748  INFO 7037 --- [           main] DeferredRepositoryInitializationListener : Triggering deferred initialization of Spring Data repositories…
2020-11-09 16:07:11.986  INFO 7037 --- [           main] DeferredRepositoryInitializationListener : Spring Data repositories initialized!
2020-11-09 16:07:12.000  INFO 7037 --- [           main] r.tools.dotvote.DotvoteApplication       : Started DotvoteApplication in 6.214 seconds (JVM running for 6.725)
2020-11-09 16:07:12.425  INFO 7037 --- [nio-9090-exec-1] o.a.c.c.C.[Tomcat].[localhost].[/]       : Initializing Spring DispatcherServlet 'dispatcherServlet'
2020-11-09 16:07:12.425  INFO 7037 --- [nio-9090-exec-1] o.s.web.servlet.DispatcherServlet        : Initializing Servlet 'dispatcherServlet'
2020-11-09 16:07:12.435  INFO 7037 --- [nio-9090-exec-1] o.s.web.servlet.DispatcherServlet        : Completed initialization in 10 ms
